reverse_engineering/killer-app/src/Fit32/app/build/outputs/mapping/release/configuration.txt
# The proguard configuration file for the following section is intermediates\proguard-files\proguard-android-optimize.txt-4.1.0
# This is a configuration file for ProGuard.
# http://proguard.sourceforge.net/index.html#manual/usage.html
#
# Starting with version 2.2 of the Android plugin for Gradle, this file is distributed together with
# the plugin and unpacked at build-time. The files in $ANDROID_HOME are no longer maintained and
# will be ignored by new version of the Android plugin for Gradle.

# Optimizations: If you don't want to optimize, use the proguard-android.txt configuration file
# instead of this one, which turns off the optimization flags.
# Adding optimization introduces certain risks, since for example not all optimizations performed by
# ProGuard works on all versions of Dalvik.  The following flags turn off various optimizations
# known to have issues, but the list may not be complete or up to date. (The "arithmetic"
# optimization can be used if you are only targeting Android 2.0 or later.)  Make sure you test
# thoroughly if you go this route.
-optimizations !code/simplification/arithmetic,!code/simplification/cast,!field/*,!class/merging/*
-optimizationpasses 5
-allowaccessmodification

-dontusemixedcaseclassnames
-dontskipnonpubliclibraryclasses
-verbose

# Preserve some attributes that may be required for reflection.
-keepattributes *Annotation*,Signature,InnerClasses,EnclosingMethod

-keep public class com.google.vending.licensing.ILicensingService
-keep public class com.android.vending.licensing.ILicensingService
-keep public class com.google.android.vending.licensing.ILicensingService
-dontnote com.android.vending.licensing.ILicensingService
-dontnote com.google.vending.licensing.ILicensingService
-dontnote com.google.android.vending.licensing.ILicensingService

# For native methods, see http://proguard.sourceforge.net/manual/examples.html#native
-keepclasseswithmembernames,includedescriptorclasses class * {
    native <methods>;
}

# Keep setters in Views so that animations can still work.
-keepclassmembers public class * extends android.view.View {
    void set*(***);
    *** get*();
}

# We want to keep methods in Activity that could be used in the XML attribute onClick.
-keepclassmembers class * extends android.app.Activity {
    public void *(android.view.View);
}

# For enumeration classes, see http://proguard.sourceforge.net/manual/examples.html#enumerations
-keepclassmembers enum * {
    public static **[] values();
    public static ** valueOf(java.lang.String);
}

-keepclassmembers class * implements android.os.Parcelable {
    public static final ** CREATOR;
}

# Preserve annotated Javascript interface methods.
-keepclassmembers class * {
    @android.webkit.JavascriptInterface <methods>;
}

# The support libraries contains references to newer platform versions.
# Don't warn about those in case this app is linking against an older
# platform version. We know about them, and they are safe.
-dontnote android.support.**
-dontnote androidx.**
-dontwarn android.support.**
-dontwarn androidx.**

# This class is deprecated, but remains for backward compatibility.
-dontwarn android.util.FloatMath

# Understand the @Keep support annotation.
-keep class android.support.annotation.Keep
-keep class androidx.annotation.Keep

-keep @android.support.annotation.Keep class * {*;}
-keep @androidx.annotation.Keep class * {*;}

-keepclasseswithmembers class * {
    @android.support.annotation.Keep <methods>;
}

-keepclasseswithmembers class * {
    @androidx.annotation.Keep <methods>;
}

-keepclasseswithmembers class * {
    @android.support.annotation.Keep <fields>;
}

-keepclasseswithmembers class * {
    @androidx.annotation.Keep <fields>;
}

-keepclasseswithmembers class * {
    @android.support.annotation.Keep <init>(...);
}

-keepclasseswithmembers class * {
    @androidx.annotation.Keep <init>(...);
}

# These classes are duplicated between android.jar and org.apache.http.legacy.jar.
-dontnote org.apache.http.**
-dontnote android.net.http.**

# These classes are duplicated between android.jar and core-lambda-stubs.jar.
-dontnote java.lang.invoke.**

# End of content from intermediates\proguard-files\proguard-android-optimize.txt-4.1.0
# The proguard configuration file for the following section is Fit32\app\proguard-rules.pro
# Add project specific ProGuard rules here.
# By default, the flags in this file are appended to flags specified
# in C:\Users\Nate\AppData\Local\Android\sdk/tools/proguard/proguard-android.txt
# You can edit the include path and order by changing the proguardFiles
# directive in build.gradle.
#
# For more details, see
#   http://developer.android.com/guide/developing/tools/proguard.html

# Add any project specific keep options here:

# If your project uses WebView with JS, uncomment the following
# and specify the fully qualified class name to the JavaScript interface
# class:
#-keepclassmembers class fqcn.of.javascript.interface.for.webview {
#   public *;
#}

# End of content from Fit32\app\proguard-rules.pro
# The proguard configuration file for the following section is aapt_proguard_file\release\aapt_rules.txt
-keep class com.f32.fit32.ExerciseActivity { <init>(); }
-keep class com.f32.fit32.ExercisesActivity { <init>(); }
-keep class com.f32.fit32.HelpActivity { <init>(); }
-keep class com.f32.fit32.HiitSettingsActivity { <init>(); }
-keep class com.f32.fit32.HiitTimerActivity { <init>(); }
-keep class com.f32.fit32.HistActivity { <init>(); }
-keep class com.f32.fit32.HistoryActivity { <init>(); }
-keep class com.f32.fit32.HomeActivity { <init>(); }
-keep class com.f32.fit32.MeasurementActivity { <init>(); }
-keep class com.f32.fit32.MeasurementsActivity { <init>(); }
-keep class com.f32.fit32.ProgramsActivity { <init>(); }
-keep class com.f32.fit32.SettingsActivity { <init>(); }
-keep class com.f32.fit32.WorkoutActivity { <init>(); }
-keep class com.f32.fit32.WorkoutsActivity { <init>(); }
-keep class android.support.design.internal.NavigationMenuItemView { <init>(android.content.Context, android.util.AttributeSet); }

-keep class android.support.design.internal.NavigationMenuView { <init>(android.content.Context, android.util.AttributeSet); }

-keep class android.support.design.widget.AppBarLayout { <init>(android.content.Context, android.util.AttributeSet); }

-keep class android.support.design.widget.CoordinatorLayout { <init>(android.content.Context, android.util.AttributeSet); }

-keep class android.support.design.widget.FloatingActionButton { <init>(android.content.Context, android.util.AttributeSet); }

-keep class android.support.design.widget.Snackbar$SnackbarLayout { <init>(android.content.Context, android.util.AttributeSet); }

-keep class android.support.v4.widget.NestedScrollView { <init>(android.content.Context, android.util.AttributeSet); }

-keep class android.support.v4.widget.Space { <init>(android.content.Context, android.util.AttributeSet); }

-keep class android.support.v7.view.menu.ActionMenuItemView { <init>(android.content.Context, android.util.AttributeSet); }

-keep class android.support.v7.view.menu.ExpandedMenuView { <init>(android.content.Context, android.util.AttributeSet); }

-keep class android.support.v7.view.menu.ListMenuItemView { <init>(android.content.Context, android.util.AttributeSet); }

-keep class android.support.v7.widget.ActionBarContainer { <init>(android.content.Context, android.util.AttributeSet); }

-keep class android.support.v7.widget.ActionBarContextView { <init>(android.content.Context, android.util.AttributeSet); }

-keep class android.support.v7.widget.ActionBarOverlayLayout { <init>(android.content.Context, android.util.AttributeSet); }

-keep class android.support.v7.widget.ActionMenuView { <init>(android.content.Context, android.util.AttributeSet); }

-keep class android.support.v7.widget.ActivityChooserView$InnerLayout { <init>(android.content.Context, android.util.AttributeSet); }

-keep class android.support.v7.widget.ButtonBarLayout { <init>(android.content.Context, android.util.AttributeSet); }

-keep class android.support.v7.widget.ContentFrameLayout { <init>(android.content.Context, android.util.AttributeSet); }

-keep class android.support.v7.widget.DialogTitle { <init>(android.content.Context, android.util.AttributeSet); }

-keep class android.support.v7.widget.FitWindowsFrameLayout { <init>(android.content.Context, android.util.AttributeSet); }

-keep class android.support.v7.widget.FitWindowsLinearLayout { <init>(android.content.Context, android.util.AttributeSet); }

-keep class android.support.v7.widget.SearchView$SearchAutoComplete { <init>(android.content.Context, android.util.AttributeSet); }

-keep class android.support.v7.widget.Toolbar { <init>(android.content.Context, android.util.AttributeSet); }

-keep class android.support.v7.widget.ViewStubCompat { <init>(android.content.Context, android.util.AttributeSet); }


# End of content from aapt_proguard_file\release\aapt_rules.txt
# The proguard configuration file for the following section is 2d68633993c7229738b7f9206a622005\design-23.1.1\proguard.txt
# Copyright (C) 2015 The Android Open Source Project
#
# Licensed under the Apache License, Version 2.0 (the "License");
# you may not use this file except in compliance with the License.
# You may obtain a copy of the License at
#
#      http://www.apache.org/licenses/LICENSE-2.0
#
# Unless required by applicable law or agreed to in writing, software
# distributed under the License is distributed on an "AS IS" BASIS,
# WITHOUT WARRANTIES OR CONDITIONS OF ANY KIND, either express or implied.
# See the License for the specific language governing permissions and
# limitations under the License.

# CoordinatorLayout resolves the behaviors of its child components with reflection.
-keep public class * extends android.support.design.widget.CoordinatorLayout$Behavior {
    public <init>(android.content.Context, android.util.AttributeSet);
    public <init>();
}

# End of content from 2d68633993c7229738b7f9206a622005\design-23.1.1\proguard.txt
# The proguard configuration file for the following section is <unknown>
-ignorewarnings
# End of content from <unknown>