reverse_engineering/killer-app/src/Fit32/app/build/outputs/mapping/release/seeds.txt
com.f32.fit32.MeasurementsActivity
com.f32.fit32.HiitTimerActivity: HiitTimerActivity()
com.f32.fit32.WorkoutsActivity: WorkoutsActivity()
com.f32.fit32.MeasurementActivity: MeasurementActivity()
com.f32.fit32.ExerciseActivity: ExerciseActivity()
com.f32.fit32.ExercisesActivity: ExercisesActivity()
com.f32.fit32.HelpActivity
com.f32.fit32.MeasurementsActivity: MeasurementsActivity()
com.f32.fit32.MeasurementActivity
com.f32.fit32.HomeActivity: HomeActivity()
com.f32.fit32.HistActivity
com.f32.fit32.HelpActivity: HelpActivity()
com.f32.fit32.HistoryActivity: HistoryActivity()
com.f32.fit32.HomeActivity
com.f32.fit32.HistoryActivity
com.f32.fit32.HiitSettingsActivity: HiitSettingsActivity()
com.f32.fit32.ExerciseActivity
com.f32.fit32.SettingsActivity: SettingsActivity()
com.f32.fit32.SettingsActivity
com.f32.fit32.ExercisesActivity
com.f32.fit32.WorkoutActivity
com.f32.fit32.HiitSettingsActivity
com.f32.fit32.HiitTimerActivity
com.f32.fit32.ProgramsActivity: ProgramsActivity()
com.f32.fit32.HistActivity: HistActivity()
com.f32.fit32.ProgramsActivity
com.f32.fit32.WorkoutsActivity
com.f32.fit32.WorkoutActivity: WorkoutActivity()
...
android.support.v7.widget.LinearLayoutCompat: int getVirtualChildCount()
android.support.v7.view.menu.ListMenuItemView: android.view.LayoutInflater getInflater()
android.support.v7.widget.RecyclerView: float getScrollFactor()
android.support.v7.widget.LinearLayoutCompat: int getShowDividers()
android.support.design.widget.AppBarLayout: float getTargetElevation()
android.support.v7.widget.Toolbar: void setCollapsible(boolean)
android.support.v7.widget.ActionMenuView: ActionMenuView(android.content.Context,android.util.AttributeSet)
android.support.design.widget.FloatingActionButton: android.content.res.ColorStateList getBackgroundTintList()
android.support.v7.widget.SearchView: int getPreferredWidth()
android.support.v7.widget.AppCompatRadioButton
android.support.v7.widget.AppCompatMultiAutoCompleteTextView: void setSupportBackgroundTintList(android.content.res.ColorStateList)
android.support.v7.widget.LinearLayoutCompat: void setDividerDrawable(android.graphics.drawable.Drawable)
android.support.v7.widget.SearchView: void setOnSuggestionListener(android.support.v7.widget.SearchView$OnSuggestionListener)
android.support.v7.widget.SearchView: void setSuggestionsAdapter(android.support.v4.widget.CursorAdapter)
android.support.v7.widget.AppCompatRadioButton: void setSupportButtonTintMode(android.graphics.PorterDuff$Mode)
android.support.v7.widget.LinearLayoutCompat: int getOrientation()
android.support.v7.widget.ActionBarContainer: void setVisibility(int)
android.support.v7.widget.Toolbar: int getContentInsetStart()
android.support.design.widget.Snackbar$SnackbarLayout: android.widget.TextView getMessageView()
android.support.v7.widget.AppCompatImageView: void setSupportBackgroundTintList(android.content.res.ColorStateList)
android.support.v7.widget.Toolbar: java.lang.CharSequence getTitle()
android.support.v7.widget.RecyclerView: void setHasFixedSize(boolean)
android.support.design.widget.FloatingActionButton: void setBackgroundTintList(android.content.res.ColorStateList)
android.support.v7.widget.ActionMenuView
android.support.v4.widget.NestedScrollView: void setOnScrollChangeListener(android.support.v4.widget.NestedScrollView$OnScrollChangeListener)
android.support.v7.widget.DialogTitle: DialogTitle(android.content.Context,android.util.AttributeSet)
android.support.v7.widget.AppCompatAutoCompleteTextView: void setBackgroundDrawable(android.graphics.drawable.Drawable)
android.support.v7.widget.AppCompatAutoCompleteTextView: void setSupportBackgroundTintList(android.content.res.ColorStateList)
android.support.v7.widget.Toolbar: void setLogoDescription(java.lang.CharSequence)
android.support.v7.widget.AbsActionBarView: void setVisibility(int)
android.support.v7.widget.LinearLayoutCompat: void setVerticalGravity(int)
android.support.v7.widget.SearchView: int getMaxWidth()
android.support.v7.widget.AppCompatImageView: void setImageResource(int)
android.support.v7.widget.FitWindowsFrameLayout: void setOnFitSystemWindowsListener(android.support.v7.widget.FitWindowsViewGroup$OnFitSystemWindowsListener)
android.support.v7.widget.AppCompatTextView: android.graphics.PorterDuff$Mode getSupportBackgroundTintMode()
android.support.v7.widget.LinearLayoutCompat: void setHorizontalGravity(int)
android.support.v7.widget.Toolbar: void setLogo(android.graphics.drawable.Drawable)
android.support.v7.widget.Toolbar: java.lang.CharSequence getLogoDescription()
android.support.v7.widget.Toolbar: android.graphics.drawable.Drawable getOverflowIcon()
android.support.v7.widget.AppCompatButton: android.graphics.PorterDuff$Mode getSupportBackgroundTintMode()
android.support.v7.widget.SearchView: void setOnCloseListener(android.support.v7.widget.SearchView$OnCloseListener)
android.support.v7.widget.ActionMenuView: void setOnMenuItemClickListener(android.support.v7.widget.ActionMenuView$OnMenuItemClickListener)
android.support.v7.widget.Toolbar: void setNavigationIcon(android.graphics.drawable.Drawable)