reverse_engineering/killer-app/src/Fit32/app/build/outputs/mapping/release/mapping.txt
# compiler: R8
# compiler_version: 2.1.62
# min_api: 9
# pg_map_id: 25268e8
# common_typos_disable
com.f32.fit32.ExerciseActivity -> com.f32.fit32.ExerciseActivity:
    void init() -> b
com.f32.fit32.ExerciseActivity$1 -> com.f32.fit32.ExerciseActivity$a:
    android.content.Context val$context -> b
    com.f32.fit32.ExerciseActivity this$0 -> d
    java.lang.String val$exerciseType -> a
    java.lang.String val$exerciseIndex -> c
com.f32.fit32.ExerciseActivity$1$1 -> com.f32.fit32.ExerciseActivity$a$a:
    com.f32.fit32.ExerciseActivity$1 this$1 -> c
    android.support.v7.widget.AppCompatEditText val$editText -> a
    android.support.v7.app.AlertDialog val$dialog -> b
com.f32.fit32.ExerciseActivity$1$2 -> com.f32.fit32.ExerciseActivity$a$b:
    com.f32.fit32.ExerciseActivity$1 this$1 -> c
    android.support.v7.widget.AppCompatEditText val$editText -> a
    android.support.v7.app.AlertDialog val$dialog -> b
com.f32.fit32.ExerciseActivity$2 -> com.f32.fit32.ExerciseActivity$b:
    android.content.Context val$context -> a
    java.lang.String val$exerciseIndex -> f
    android.support.v7.widget.AppCompatButton val$buttonSet -> b
    java.lang.String val$setIndex -> c
    java.lang.String val$weightUnit -> e
    java.lang.String val$setNumber -> d
com.f32.fit32.ExerciseActivity$3 -> com.f32.fit32.ExerciseActivity$c:
    android.content.Context val$context -> a
    android.support.v7.app.AppCompatActivity val$activity -> e
    java.lang.String val$setIndex -> c
    java.lang.String val$setNumber -> b
    java.lang.String val$weightUnit -> d
    1:1:android.widget.ListView android.support.v7.app.AlertDialog.getListView():0:0 -> onLongClick
    1:1:boolean onLongClick(android.view.View):0 -> onLongClick
    2:2:android.widget.ListView android.support.v7.app.AlertController.getListView():0:0 -> onLongClick
    2:2:android.widget.ListView android.support.v7.app.AlertDialog.getListView():0 -> onLongClick
    2:2:boolean onLongClick(android.view.View):0 -> onLongClick
    3:3:boolean onLongClick(android.view.View):0:0 -> onLongClick
com.f32.fit32.ExerciseActivity$3$1 -> com.f32.fit32.ExerciseActivity$c$a:
    android.support.v7.app.AlertDialog val$dialog -> a
    com.f32.fit32.ExerciseActivity$3 this$1 -> b
com.f32.fit32.ExerciseActivity$4 -> com.f32.fit32.ExerciseActivity$d:
    android.content.Context val$context -> a
    android.support.v7.widget.AppCompatButton val$buttonSet -> b
    java.lang.String val$setIndex -> c
    java.lang.String val$setNumber -> d
com.f32.fit32.ExerciseActivity$5 -> com.f32.fit32.ExerciseActivity$e:
    android.content.Context val$context -> a
    android.support.v7.app.AppCompatActivity val$activity -> d
    java.lang.String val$setIndex -> c
    java.lang.String val$setNumber -> b
    1:1:android.widget.ListView android.support.v7.app.AlertDialog.getListView():0:0 -> onLongClick
    1:1:boolean onLongClick(android.view.View):0 -> onLongClick
    2:2:android.widget.ListView android.support.v7.app.AlertController.getListView():0:0 -> onLongClick
    2:2:android.widget.ListView android.support.v7.app.AlertDialog.getListView():0 -> onLongClick
    2:2:boolean onLongClick(android.view.View):0 -> onLongClick
    3:3:boolean onLongClick(android.view.View):0:0 -> onLongClick
com.f32.fit32.ExerciseActivity$5$1 -> com.f32.fit32.ExerciseActivity$e$a:
    android.support.v7.app.AlertDialog val$dialog -> a
    com.f32.fit32.ExerciseActivity$5 this$1 -> b
com.f32.fit32.ExercisesActivity -> com.f32.fit32.ExercisesActivity:
    void init() -> b
...
android.support.v7.widget.FitWindowsViewGroup$OnFitSystemWindowsListener -> a.a.c.g.m0$a:
android.support.v7.widget.LinearLayoutCompat -> a.a.c.g.n0:
    int mShowDividers -> n
    int mDividerPadding -> o
    int mDividerWidth -> l
    int mDividerHeight -> m
    float mWeightSum -> g
    int mTotalLength -> f
    int mOrientation -> d
    int mGravity -> e
    int mBaselineAlignedChildIndex -> b
    int mBaselineChildTop -> c
    int[] mMaxAscent -> i
    android.graphics.drawable.Drawable mDivider -> k
    boolean mUseLargestChild -> h
    boolean mBaselineAligned -> a
    int[] mMaxDescent -> j
    1:1:android.support.v7.widget.TintTypedArray android.support.v7.widget.TintTypedArray.obtainStyledAttributes(android.content.Context,android.util.AttributeSet,int[],int,int):0:0 -> <init>
    1:1:void <init>(android.content.Context,android.util.AttributeSet,int):0 -> <init>
    2:2:int android.support.v7.widget.TintTypedArray.getInt(int,int):0:0 -> <init>
    2:2:void <init>(android.content.Context,android.util.AttributeSet,int):0 -> <init>
    3:3:void <init>(android.content.Context,android.util.AttributeSet,int):0:0 -> <init>
    4:4:int android.support.v7.widget.TintTypedArray.getInt(int,int):0:0 -> <init>
    4:4:void <init>(android.content.Context,android.util.AttributeSet,int):0 -> <init>
    5:5:void <init>(android.content.Context,android.util.AttributeSet,int):0:0 -> <init>
    6:6:boolean android.support.v7.widget.TintTypedArray.getBoolean(int,boolean):0:0 -> <init>
    6:6:void <init>(android.content.Context,android.util.AttributeSet,int):0 -> <init>
android.support.v7.widget.LinearLayoutCompat$LayoutParams -> a.a.c.g.n0$a:
    float weight -> a
    int gravity -> b
android.support.v7.widget.LinearLayoutManager -> a.a.c.g.o0:
    int mPendingScrollPositionOffset -> j
    int mPendingScrollPosition -> i
    android.support.v7.widget.LinearLayoutManager$AnchorInfo mAnchorInfo -> l
    int mOrientation -> d
    boolean mReverseLayout -> g
    boolean mShouldReverseLayout -> h
    android.support.v7.widget.LinearLayoutManager$LayoutState mLayoutState -> e
    android.support.v7.widget.OrientationHelper mOrientationHelper -> f
    android.support.v7.widget.LinearLayoutManager$SavedState mPendingSavedState -> k
    1:1:void setOrientation(int):0:0 -> <init>
    1:1:void <init>(android.content.Context,int,boolean):0 -> <init>
    2:2:void android.support.v7.widget.RecyclerView$LayoutManager.assertNotInLayoutOrScroll(java.lang.String):0:0 -> <init>
    2:2:void assertNotInLayoutOrScroll(java.lang.String):0 -> <init>
    2:2:void setOrientation(int):0 -> <init>
    2:2:void <init>(android.content.Context,int,boolean):0 -> <init>
    3:3:void setOrientation(int):0:0 -> <init>
    3:3:void <init>(android.content.Context,int,boolean):0 -> <init>
    4:4:void assertNotInLayoutOrScroll(java.lang.String):0:0 -> <init>
    4:4:void setReverseLayout(boolean):0 -> <init>
    4:4:void <init>(android.content.Context,int,boolean):0 -> <init>
    5:5:void android.support.v7.widget.RecyclerView$LayoutManager.assertNotInLayoutOrScroll(java.lang.String):0:0 -> <init>
    5:5:void assertNotInLayoutOrScroll(java.lang.String):0 -> <init>
android.support.v7.widget.LinearLayoutManager$AnchorInfo -> a.a.c.g.o0$a:
    android.support.v7.widget.LinearLayoutManager this$0 -> d
    int mCoordinate -> b
    boolean mLayoutFromEnd -> c
    int mPosition -> a
android.support.v7.widget.LinearLayoutManager$LayoutState -> a.a.c.g.o0$b:
    boolean mRecycle -> a
    int mExtra -> b
android.support.v7.widget.LinearLayoutManager$SavedState -> a.a.c.g.o0$c:
    int mAnchorOffset -> b
    boolean mAnchorLayoutFromEnd -> c
    int mAnchorPosition -> a