reverse_engineering/killer-app/src/Fit32/app/build/outputs/mapping/release/usage.txt
com.f32.fit32.R$plurals
com.f32.fit32.R$mipmap
com.f32.fit32.R$drawable
com.f32.fit32.helper.LogHelper:
    public void <init>()
    private static final java.lang.String PREFIX
com.f32.fit32.R$color
com.f32.fit32.R$dimen
com.f32.fit32.R$bool
com.f32.fit32.helper.ActivityHelper:
    public void <init>()
com.f32.fit32.R$id
com.f32.fit32.defaults.HiitDefaults:
    public void <init>()
com.f32.fit32.constants.Constants:
    public void <init>()
    public static final int WEIGHT_INCREMENT_MIN
    public static final int WEIGHT_INCREMENT_MAX
    public static final int SETS_WARMUP_MIN
    public static final int SETS_WARMUP_MAX
    public static final int NUMBER_OF_REPS_MIN
    public static final int NUMBER_OF_REPS_MAX
    public static final int REST_IN_SECONDS_MIN
    public static final int REST_IN_SECONDS_MAX
    public static final int MIN_WEIGHT_MIN
    public static final int MIN_WEIGHT_MAX
    public static final int MAX_WEIGHT_MIN
    public static final int MAX_WEIGHT_MAX
    public static final int CURRENT_VOLUME_MIN
    public static final int CURRENT_VOLUME_MAX
    public static final int SUCCESS_VOLUME_MIN
    public static final int SUCCESS_VOLUME_MAX
    public static final int MIN
    public static final int MAX
    public static final int HIIT_GO_MIN
    public static final int HIIT_GO_MAX
    public static final int HIIT_REST_MIN
    public static final int HIIT_REST_MAX
    public static final int HIIT_ROUNDS_MIN
    public static final int HIIT_ROUNDS_MAX
com.f32.fit32.helper.SharedPreferencesHelper:
    public static final java.lang.String PROGRAMS
    public static final java.lang.String WORKOUTS
    public static final java.lang.String EXERCISES
    public static final java.lang.String SETS
    public static final java.lang.String NAME
    public static final java.lang.String REPS
    public static final java.lang.String REST
    public static final java.lang.String MIN_WEIGHT
    public static final java.lang.String MAX_WEIGHT
    public static final java.lang.String CURRENT_VOLUME
    public static final java.lang.String SUCCESS_VOLUME
    public static final java.lang.String INCREMENT
    public static final java.lang.String WARMUP_SETS
    public static final java.lang.String EXERCISE_TYPE
    public static final java.lang.String WEIGHT
    public static final java.lang.String NOTES
    private static final java.lang.String SEPARATOR
    private static final java.lang.String SWAP
    public static final java.lang.String HISTORY
    public static final java.lang.String MEASUREMENTS
    private static final java.lang.String ENTRIES
    public static final java.lang.String DATE
    public static final java.lang.String ENTRY
    public static final java.lang.String HIIT_TIMER
    public static final java.lang.String HIIT_GO
    public static final java.lang.String HIIT_REST
    public static final java.lang.String HIIT_ROUNDS
    public static final java.lang.String HOW_TO_HOME
com.f32.fit32.R$integer
com.f32.fit32.R$xml
com.f32.fit32.R$string
com.f32.fit32.defaults.SettingsDefaults:
    public void <init>()
    public static final java.lang.String UNIT
    public static final java.lang.String DECREMENT
    public static final java.lang.String INCREMENT
    public static final java.lang.String WARMUP
    public static final java.lang.String TEMPO_INTERVAL
    public static final java.lang.String KEEP_SCREEN_ON
com.f32.fit32.BuildConfig
...
android.support.v4.widget.ResourceCursorAdapter:
    public void <init>(android.content.Context,int,android.database.Cursor,boolean)
    public android.view.View newDropDownView(android.content.Context,android.database.Cursor,android.view.ViewGroup)
android.support.v7.widget.AppCompatImageView:
    public void <init>(android.content.Context,android.util.AttributeSet)
android.support.v7.view.menu.MenuItemWrapperICS$OnActionExpandListenerWrapper:
    public boolean onMenuItemActionExpand(android.view.MenuItem)
    public boolean onMenuItemActionCollapse(android.view.MenuItem)
android.support.v7.widget.ActionMenuView:
    public void <init>(android.content.Context)
    public static synthetic android.support.v7.widget.ActionMenuView$OnMenuItemClickListener access$200(android.support.v7.widget.ActionMenuView)
    public static synthetic android.support.v7.view.menu.MenuBuilder$Callback access$300(android.support.v7.widget.ActionMenuView)
    public final void onMeasureExactFormat(int,int)
    public boolean isOverflowReserved()
    public android.support.v7.widget.ActionMenuView$LayoutParams generateLayoutParams(android.util.AttributeSet)
    public android.support.v7.widget.ActionMenuView$LayoutParams generateOverflowButtonLayoutParams()
    public void setMenuCallbacks(android.support.v7.view.menu.MenuPresenter$Callback,android.support.v7.view.menu.MenuBuilder$Callback)
    public android.support.v7.view.menu.MenuBuilder peekMenu()
    public boolean showOverflowMenu()
    public boolean hideOverflowMenu()
    public boolean isOverflowMenuShowing()
    public boolean isOverflowMenuShowPending()
    public void dismissPopupMenus()
android.support.v7.widget.AppCompatEditText:
    public void <init>(android.content.Context)
    public void <init>(android.content.Context,android.util.AttributeSet,int)
android.support.v4.widget.PopupWindowCompatGingerbread
android.support.v7.widget.Toolbar$ExpandedActionViewMenuPresenter:
    public void <init>(android.support.v7.widget.Toolbar)
android.support.v4.widget.CompoundButtonCompatApi23
android.support.v4.view.AccessibilityDelegateCompatIcs$AccessibilityDelegateBridge:
    public abstract boolean dispatchPopulateAccessibilityEvent(android.view.View,android.view.accessibility.AccessibilityEvent)
    public abstract void onInitializeAccessibilityEvent(android.view.View,android.view.accessibility.AccessibilityEvent)
    public abstract void onInitializeAccessibilityNodeInfo(android.view.View,java.lang.Object)
    public abstract void onPopulateAccessibilityEvent(android.view.View,android.view.accessibility.AccessibilityEvent)
    public abstract boolean onRequestSendAccessibilityEvent(android.view.ViewGroup,android.view.View,android.view.accessibility.AccessibilityEvent)
    public abstract void sendAccessibilityEvent(android.view.View,int)
    public abstract void sendAccessibilityEventUnchecked(android.view.View,android.view.accessibility.AccessibilityEvent)
android.support.v4.view.ViewConfigurationCompatICS
android.support.v7.widget.OpReorderer:
    public void reorderOps(java.util.List)
    public void swapMoveRemove(java.util.List,int,android.support.v7.widget.AdapterHelper$UpdateOp,int,android.support.v7.widget.AdapterHelper$UpdateOp)
    public void swapMoveUpdate(java.util.List,int,android.support.v7.widget.AdapterHelper$UpdateOp,int,android.support.v7.widget.AdapterHelper$UpdateOp)
    public final void swapMoveOp(java.util.List,int,int)
    public final void swapMoveAdd(java.util.List,int,android.support.v7.widget.AdapterHelper$UpdateOp,int,android.support.v7.widget.AdapterHelper$UpdateOp)
    public final int getLastMoveOutOfOrder(java.util.List)
android.support.design.widget.ViewUtils:
    public static void setBoundsViewOutlineProvider(android.view.View)
android.support.v4.widget.PopupWindowCompat$BasePopupWindowImpl:
    public void setWindowLayoutType(android.widget.PopupWindow,int)